0 info it worked if it ends with ok
1 verbose cli [ '/usr/bin/nodejs',
1 verbose cli   '/usr/bin/npm',
1 verbose cli   'install',
1 verbose cli   'gulp-markdown-to-json',
1 verbose cli   '--save-dev' ]
2 info using npm@1.3.10
3 info using node@v0.10.25
4 warn package.json jon.prescottprogrammers.com@0.0.0 No repository field.
5 verbose readDependencies using package.json deps
6 verbose cache add [ 'gulp-markdown-to-json', null ]
7 verbose cache add name=undefined spec="gulp-markdown-to-json" args=["gulp-markdown-to-json",null]
8 verbose parsed url { protocol: null,
8 verbose parsed url   slashes: null,
8 verbose parsed url   auth: null,
8 verbose parsed url   host: null,
8 verbose parsed url   port: null,
8 verbose parsed url   hostname: null,
8 verbose parsed url   hash: null,
8 verbose parsed url   search: null,
8 verbose parsed url   query: null,
8 verbose parsed url   pathname: 'gulp-markdown-to-json',
8 verbose parsed url   path: 'gulp-markdown-to-json',
8 verbose parsed url   href: 'gulp-markdown-to-json' }
9 silly lockFile 14ae57b0-gulp-markdown-to-json gulp-markdown-to-json
10 verbose lock gulp-markdown-to-json /home/jon/.npm/14ae57b0-gulp-markdown-to-json.lock
11 silly lockFile 14ae57b0-gulp-markdown-to-json gulp-markdown-to-json
12 silly lockFile 14ae57b0-gulp-markdown-to-json gulp-markdown-to-json
13 verbose addNamed [ 'gulp-markdown-to-json', '' ]
14 verbose addNamed [ null, '*' ]
15 silly lockFile f571cce9-gulp-markdown-to-json gulp-markdown-to-json@
16 verbose lock gulp-markdown-to-json@ /home/jon/.npm/f571cce9-gulp-markdown-to-json.lock
17 silly addNameRange { name: 'gulp-markdown-to-json', range: '*', hasData: false }
18 verbose url raw gulp-markdown-to-json
19 verbose url resolving [ 'https://registry.npmjs.org/', './gulp-markdown-to-json' ]
20 verbose url resolved https://registry.npmjs.org/gulp-markdown-to-json
21 info trying registry request attempt 1 at 13:57:01
22 http GET https://registry.npmjs.org/gulp-markdown-to-json
23 http 404 https://registry.npmjs.org/gulp-markdown-to-json
24 silly registry.get cb [ 404,
24 silly registry.get   { date: 'Thu, 24 Jul 2014 20:57:03 GMT',
24 silly registry.get     server: 'CouchDB/1.5.0 (Erlang OTP/R14B04)',
24 silly registry.get     'content-type': 'application/json',
24 silly registry.get     'cache-control': 'max-age=0',
24 silly registry.get     'content-length': '52',
24 silly registry.get     'accept-ranges': 'bytes',
24 silly registry.get     via: '1.1 varnish',
24 silly registry.get     age: '0',
24 silly registry.get     'x-served-by': 'cache-sjc3129-SJC',
24 silly registry.get     'x-cache': 'MISS',
24 silly registry.get     'x-cache-hits': '0',
24 silly registry.get     'x-timer': 'S1406235423.028278,VS0,VE33',
24 silly registry.get     'keep-alive': 'timeout=10, max=50',
24 silly registry.get     connection: 'Keep-Alive' } ]
25 silly lockFile f571cce9-gulp-markdown-to-json gulp-markdown-to-json@
26 silly lockFile f571cce9-gulp-markdown-to-json gulp-markdown-to-json@
27 error 404 'gulp-markdown-to-json' is not in the npm registry.
27 error 404 You should bug the author to publish it
27 error 404
27 error 404 Note that you can also install from a
27 error 404 tarball, folder, or http url, or git url.
28 error System Linux 3.13.0-32-generic
29 error command "/usr/bin/nodejs" "/usr/bin/npm" "install" "gulp-markdown-to-json" "--save-dev"
30 error cwd /home/jon/Documents/Source/Repos/Websites/jon.prescottprogrammers.com
31 error node -v v0.10.25
32 error npm -v 1.3.10
33 error code E404
34 verbose exit [ 1, true ]
